<?xml version="1.0" encoding="UTF-8"?>
<!-- Generated by org.testng.reporters.JUnitReportReporter -->
<testsuite hostname="XE-GGN-IT-04612" failures="0" tests="2" name="MavenLearning.MavenLearningA.RESTAPITest" time="0.004" errors="0" timestamp="2022-01-19T15:30:41 IST" skipped="0">
  <testcase classname="MavenLearning.MavenLearningA.RESTAPITest" name="postJira" time="0.002"/>
  <system-out/>
  <testcase classname="MavenLearning.MavenLearningA.RESTAPITest" name="deleteTwitter" time="0.002"/>
  <system-out/>
</testsuite> <!-- MavenLearning.MavenLearningA.RESTAPITest -->
