<?xml version="1.0" encoding="UTF-8"?>
<!-- Generated by org.testng.reporters.JUnitReportReporter -->
<testsuite hostname="XE-GGN-IT-04612" failures="0" tests="2" name="MavenLearning.MavenLearningA.SeleniumTest" time="0.014" errors="0" timestamp="2022-01-19T15:30:41 IST" skipped="0">
  <testcase classname="MavenLearning.MavenLearningA.SeleniumTest" name="BrowserAUtomation" time="0.012"/>
  <system-out/>
  <testcase classname="MavenLearning.MavenLearningA.SeleniumTest" name="elementsUi" time="0.002"/>
  <system-out/>
</testsuite> <!-- MavenLearning.MavenLearningA.SeleniumTest -->
