<?xml version="1.0" encoding="UTF-8"?>
<!-- Generated by org.testng.reporters.JUnitReportReporter -->
<testsuite skipped="0" hostname="XE-GGN-IT-04612" name="MavenLearning.MavenLearningA.SeleniumTest" tests="2" failures="0" timestamp="2022-01-19T15:50:10 IST" time="0.010" errors="0">
  <testcase name="elementsUi" time="0.001" classname="MavenLearning.MavenLearningA.SeleniumTest"/>
  <system-out/>
  <testcase name="BrowserAUtomation" time="0.009" classname="MavenLearning.MavenLearningA.SeleniumTest"/>
  <system-out/>
</testsuite> <!-- MavenLearning.MavenLearningA.SeleniumTest -->
