<?xml version="1.0" encoding="UTF-8"?>
<!-- Generated by org.testng.reporters.JUnitReportReporter -->
<testsuite skipped="0" hostname="XE-GGN-IT-04612" name="MavenLearning.MavenLearningA.AppiumTest" tests="2" failures="0" timestamp="2022-01-19T15:49:49 IST" time="0.005" errors="0">
  <testcase name="NativeAPpAndroid" time="0.004" classname="MavenLearning.MavenLearningA.AppiumTest"/>
  <system-out/>
  <testcase name="IOSApps" time="0.001" classname="MavenLearning.MavenLearningA.AppiumTest"/>
  <system-out/>
</testsuite> <!-- MavenLearning.MavenLearningA.AppiumTest -->
