<?xml version="1.0" encoding="UTF-8"?>
<!-- Generated by org.testng.reporters.JUnitReportReporter -->
<testsuite skipped="0" hostname="XE-GGN-IT-04612" name="MavenLearning.MavenLearningA.RESTAPITest" tests="2" failures="0" timestamp="2022-01-19T15:49:49 IST" time="0.002" errors="0">
  <testcase name="deleteTwitter" time="0.001" classname="MavenLearning.MavenLearningA.RESTAPITest"/>
  <system-out/>
  <testcase name="postJira" time="0.001" classname="MavenLearning.MavenLearningA.RESTAPITest"/>
  <system-out/>
</testsuite> <!-- MavenLearning.MavenLearningA.RESTAPITest -->
