<?xml version="1.0" encoding="UTF-8"?>
<!-- Generated by org.testng.reporters.JUnitReportReporter -->
<testsuite skipped="0" hostname="XE-GGN-IT-04612" name="MavenLearning.MavenLearningA.AppTest" tests="1" failures="0" timestamp="2022-01-19T00:37:47 IST" time="0.021" errors="0">
  <testcase name="shouldAnswerWithTrue" time="0.021" classname="MavenLearning.MavenLearningA.AppTest"/>
  <system-out/>
</testsuite> <!-- MavenLearning.MavenLearningA.AppTest -->
